{
	"numTotalTestSuites": 94,
	"numPassedTestSuites": 94,
	"numFailedTestSuites": 0,
	"numPendingTestSuites": 0,
	"numTotalTests": 161,
	"numPassedTests": 161,
	"numFailedTests": 0,
	"numPendingTests": 0,
	"numTodoTests": 0,
	"snapshot": {
		"added": 0,
		"failure": false,
		"filesAdded": 0,
		"filesRemoved": 0,
		"filesRemovedList": [],
		"filesUnmatched": 0,
		"filesUpdated": 0,
		"matched": 0,
		"total": 0,
		"unchecked": 0,
		"uncheckedKeysByFile": [],
		"unmatched": 0,
		"updated": 0,
		"didUpdate": false
	},
	"startTime": 1787144294597,
	"success": true,
	"testResults": [
		{
			"assertionResults": [
				{
					"ancestorTitles": ["production Supabase policies"],
					"fullName": "production Supabase policies do not grant anonymous demo access",
					"status": "passed",
					"title": "do not grant anonymous demo access",
					"duration": 1.1497959999999807,
					"failureMessages": [],
					"meta": {},
					"tags": []
				},
				{
					"ancestorTitles": ["production Supabase policies"],
					"fullName": "production Supabase policies restricts company_members reads to authenticated company members",
					"status": "passed",
					"title": "restricts company_members reads to authenticated company members",
					"duration": 0.3750320000000329,
					"failureMessages": [],
					"meta": {},
					"tags": []
				},
				{
					"ancestorTitles": ["production Supabase policies"],
					"fullName": "production Supabase policies restricts invoices reads to authenticated company members",
					"status": "passed",
					"title": "restricts invoices reads to authenticated company members",
					"duration": 0.26883199999997487,
					"failureMessages": [],
					"meta": {},
					"tags": []
				},
				{
					"ancestorTitles": ["production Supabase policies"],
					"fullName": "production Supabase policies restricts vendor_bills reads to authenticated company members",
					"status": "passed",
					"title": "restricts vendor_bills reads to authenticated company members",
					"duration": 0.28963700000002746,
					"failureMessages": [],
					"meta": {},
					"tags": []
				},
				{
					"ancestorTitles": ["production Supabase policies"],
					"fullName": "production Supabase policies restricts subscriptions reads to authenticated company members",
					"status": "passed",
					"title": "restricts subscriptions reads to authenticated company members",
					"duration": 0.23791699999998173,
					"failureMessages": [],
					"meta": {},
					"tags": []
				},
				{
					"ancestorTitles": ["production Supabase policies"],
					"fullName": "production Supabase policies restricts spend_requests reads to authenticated company members",
					"status": "passed",
					"title": "restricts spend_requests reads to authenticated company members",
					"duration": 0.1683400000000006,
					"failureMessages": [],
					"meta": {},
					"tags": []
				},
				{
					"ancestorTitles": ["production Supabase policies"],
					"fullName": "production Supabase policies restricts team_budgets reads to authenticated company members",
					"status": "passed",
					"title": "restricts team_budgets reads to authenticated company members",
					"duration": 0.1869649999999865,
					"failureMessages": [],
					"meta": {},
					"tags": []
				},
				{
					"ancestorTitles": ["production Supabase policies"],
					"fullName": "production Supabase policies restricts forecast_points reads to authenticated company members",
					"status": "passed",
					"title": "restricts forecast_points reads to authenticated company members",
					"duration": 0.18233100000003333,
					"failureMessages": [],
					"meta": {},
					"tags": []
				},
				{
					"ancestorTitles": ["production Supabase policies"],
					"fullName": "production Supabase policies restricts company reads to authenticated company members",
					"status": "passed",
					"title": "restricts company reads to authenticated company members",
					"duration": 0.3867309999999975,
					"failureMessages": [],
					"meta": {},
					"tags": []
				},
				{
					"ancestorTitles": ["production Supabase policies"],
					"fullName": "production Supabase policies requires an approver role before a spend request can be updated",
					"status": "passed",
					"title": "requires an approver role before a spend request can be updated",
					"duration": 0.3727959999999939,
					"failureMessages": [],
					"meta": {},
					"tags": []
				},
				{
					"ancestorTitles": ["production Supabase policies"],
					"fullName": "production Supabase policies restrict cash actions to the authenticated member's company and role",
					"status": "passed",
					"title": "restrict cash actions to the authenticated member's company and role",
					"duration": 0.3374179999999569,
					"failureMessages": [],
					"meta": {},
					"tags": []
				}
			],
			"startTime": 1787144306448,
			"endTime": 1787144306452.3728,
			"status": "passed",
			"message": "",
			"name": "/workspace/supabase/production-rls-policies.test.ts"
		},
		{
			"assertionResults": [
				{
					"ancestorTitles": ["proxy security headers"],
					"fullName": "proxy security headers builds a strict nonce-based content security policy",
					"status": "passed",
					"title": "builds a strict nonce-based content security policy",
					"duration": 1.5199110000000928,
					"failureMessages": [],
					"meta": {},
					"tags": []
				},
				{
					"ancestorTitles": ["proxy security headers"],
					"fullName": "proxy security headers upgrades insecure requests in production",
					"status": "passed",
					"title": "upgrades insecure requests in production",
					"duration": 0.4072959999999739,
					"failureMessages": [],
					"meta": {},
					"tags": []
				},
				{
					"ancestorTitles": ["proxy security headers"],
					"fullName": "proxy security headers allows the Vercel toolbar frame only in preview deployments",
					"status": "passed",
					"title": "allows the Vercel toolbar frame only in preview deployments",
					"duration": 0.2901610000000119,
					"failureMessages": [],
					"meta": {},
					"tags": []
				},
				{
					"ancestorTitles": ["proxy security headers"],
					"fullName": "proxy security headers adds browser hardening headers to the homepage",
					"status": "passed",
					"title": "adds browser hardening headers to the homepage",
					"duration": 3.768750000000068,
					"failureMessages": [],
					"meta": {},
					"tags": []
				},
				{
					"ancestorTitles": ["proxy security headers"],
					"fullName": "proxy security headers allows opener access for Clerk popup auth on /login",
					"status": "passed",
					"title": "allows opener access for Clerk popup auth on /login",
					"duration": 12.502274000000057,
					"failureMessages": [],
					"meta": {},
					"tags": []
				},
				{
					"ancestorTitles": ["proxy security headers"],
					"fullName": "proxy security headers allows opener access for Clerk popup auth on /login/sso-callback",
					"status": "passed",
					"title": "allows opener access for Clerk popup auth on /login/sso-callback",
					"duration": 10.237749000000008,
					"failureMessages": [],
					"meta": {},
					"tags": []
				},
				{
					"ancestorTitles": ["proxy security headers"],
					"fullName": "proxy security headers allows opener access for Clerk popup auth on /signup",
					"status": "passed",
					"title": "allows opener access for Clerk popup auth on /signup",
					"duration": 5.332922000000053,
					"failureMessages": [],
					"meta": {},
					"tags": []
				},
				{
					"ancestorTitles": ["proxy security headers"],
					"fullName": "proxy security headers allows opener access for Clerk popup auth on /signup/continue",
					"status": "passed",
					"title": "allows opener access for Clerk popup auth on /signup/continue",
					"duration": 1.848683000000051,
					"failureMessages": [],
					"meta": {},
					"tags": []
				},
				{
					"ancestorTitles": ["proxy security headers"],
					"fullName": "proxy security headers keeps prefetch and Clerk asset requests covered by the proxy matcher",
					"status": "passed",
					"title": "keeps prefetch and Clerk asset requests covered by the proxy matcher",
					"duration": 0.5127290000000357,
					"failureMessages": [],
					"meta": {},
					"tags": []
				},
				{
					"ancestorTitles": ["proxy security headers"],
					"fullName": "proxy security headers uses app auth URLs for Clerk middleware redirects",
					"status": "passed",
					"title": "uses app auth URLs for Clerk middleware redirects",
					"duration": 0.8750119999999697,
					"failureMessages": [],
					"meta": {},
					"tags": []
				},
				{
					"ancestorTitles": ["proxy security headers"],
					"fullName": "proxy security headers routes Clerk middleware for production workspace path /dashboard",
					"status": "passed",
					"title": "routes Clerk middleware for production workspace path /dashboard",
					"duration": 0.17740099999991799,
					"failureMessages": [],
					"meta": {},
					"tags": []
				},
				{
					"ancestorTitles": ["proxy security headers"],
					"fullName": "proxy security headers routes Clerk middleware for production workspace path /dashboard/spend",
					"status": "passed",
					"title": "routes Clerk middleware for production workspace path /dashboard/spend",
					"duration": 0.13358399999992798,
					"failureMessages": [],
					"meta": {},
					"tags": []
				},
				{
					"ancestorTitles": ["proxy security headers"],
					"fullName": "proxy security headers routes Clerk middleware for production workspace path /api/workspace",
					"status": "passed",
					"title": "routes Clerk middleware for production workspace path /api/workspace",
					"duration": 0.10220600000002378,
					"failureMessages": [],
					"meta": {},
					"tags": []
				},
				{
					"ancestorTitles": ["proxy security headers"],
					"fullName": "proxy security headers routes Clerk middleware for production workspace path /api/workspace/decisions",
					"status": "passed",
					"title": "routes Clerk middleware for production workspace path /api/workspace/decisions",
					"duration": 0.10157800000001771,
					"failureMessages": [],
					"meta": {},
					"tags": []
				},
				{
					"ancestorTitles": ["proxy security headers"],
					"fullName": "proxy security headers keeps demo workspace path /dashboard on security-header middleware",
					"status": "passed",
					"title": "keeps demo workspace path /dashboard on security-header middleware",
					"duration": 0.11913600000002589,
					"failureMessages": [],
					"meta": {},
					"tags": []
				},
				{
					"ancestorTitles": ["proxy security headers"],
					"fullName": "proxy security headers keeps demo workspace path /dashboard/spend on security-header middleware",
					"status": "passed",
					"title": "keeps demo workspace path /dashboard/spend on security-header middleware",
					"duration": 0.11587799999995241,
					"failureMessages": [],
					"meta": {},
					"tags": []
				},
				{
					"ancestorTitles": ["proxy security headers"],
					"fullName": "proxy security headers keeps demo workspace path /api/workspace on security-header middleware",
					"status": "passed",
					"title": "keeps demo workspace path /api/workspace on security-header middleware",
					"duration": 0.09637999999995372,
					"failureMessages": [],
					"meta": {},
					"tags": []
				},
				{
					"ancestorTitles": ["proxy security headers"],
					"fullName": "proxy security headers keeps demo workspace path /api/workspace/decisions on security-header middleware",
					"status": "passed",
					"title": "keeps demo workspace path /api/workspace/decisions on security-header middleware",
					"duration": 0.08616299999994226,
					"failureMessages": [],
					"meta": {},
					"tags": []
				},
				{
					"ancestorTitles": ["proxy security headers"],
					"fullName": "proxy security headers routes Clerk middleware for production auth path /login",
					"status": "passed",
					"title": "routes Clerk middleware for production auth path /login",
					"duration": 1.656759999999963,
					"failureMessages": [],
					"meta": {},
					"tags": []
				},
				{
					"ancestorTitles": ["proxy security headers"],
					"fullName": "proxy security headers routes Clerk middleware for production auth path /signup",
					"status": "passed",
					"title": "routes Clerk middleware for production auth path /signup",
					"duration": 0.15981599999997798,
					"failureMessages": [],
					"meta": {},
					"tags": []
				},
				{
					"ancestorTitles": ["proxy security headers"],
					"fullName": "proxy security headers routes Clerk proxy assets through Clerk middleware in production",
					"status": "passed",
					"title": "routes Clerk proxy assets through Clerk middleware in production",
					"duration": 0.20940200000006826,
					"failureMessages": [],
					"meta": {},
					"tags": []
				},
				{
					"ancestorTitles": ["proxy security headers"],
					"fullName": "proxy security headers keeps public marketing path /features off Clerk middleware",
					"status": "passed",
					"title": "keeps public marketing path /features off Clerk middleware",
					"duration": 0.12555399999996553,
					"failureMessages": [],
					"meta": {},
					"tags": []
				},
				{
					"ancestorTitles": ["proxy security headers"],
					"fullName": "proxy security headers keeps public marketing path /pricing off Clerk middleware",
					"status": "passed",
					"title": "keeps public marketing path /pricing off Clerk middleware",
					"duration": 0.08935000000008131,
					"failureMessages": [],
					"meta": {},
					"tags": []
				},
				{
					"ancestorTitles": ["proxy security headers"],
					"fullName": "proxy security headers keeps public marketing path /demo off Clerk middleware",
					"status": "passed",
					"title": "keeps public marketing path /demo off Clerk middleware",
					"duration": 0.13939499999992222,
					"failureMessages": [],
					"meta": {},
					"tags": []
				},
				{
					"ancestorTitles": ["proxy security headers"],
					"fullName": "proxy security headers keeps public marketing path /demo/workspace off Clerk middleware",
					"status": "passed",
					"title": "keeps public marketing path /demo/workspace off Clerk middleware",
					"duration": 0.08940199999995002,
					"failureMessages": [],
					"meta": {},
					"tags": []
				},
				{
					"ancestorTitles": ["proxy security headers"],
					"fullName": "proxy security headers requires workspace session for /dashboard",
					"status": "passed",
					"title": "requires workspace session for /dashboard",
					"duration": 2.688115000000039,
					"failureMessages": [],
					"meta": {},
					"tags": []
				},
				{
					"ancestorTitles": ["proxy security headers"],
					"fullName": "proxy security headers requires workspace session for /dashboard/spend",
					"status": "passed",
					"title": "requires workspace session for /dashboard/spend",
					"duration": 0.20106200000009267,
					"failureMessages": [],
					"meta": {},
					"tags": []
				},
				{
					"ancestorTitles": ["proxy security headers"],
					"fullName": "proxy security headers requires workspace session for /api/workspace",
					"status": "passed",
					"title": "requires workspace session for /api/workspace",
					"duration": 0.10215799999991759,
					"failureMessages": [],
					"meta": {},
					"tags": []
				},
				{
					"ancestorTitles": ["proxy security headers"],
					"fullName": "proxy security headers requires workspace session for /api/workspace/decisions",
					"status": "passed",
					"title": "requires workspace session for /api/workspace/decisions",
					"duration": 0.08598400000005313,
					"failureMessages": [],
					"meta": {},
					"tags": []
				},
				{
					"ancestorTitles": ["proxy security headers"],
					"fullName": "proxy security headers does not treat /login as a workspace session path",
					"status": "passed",
					"title": "does not treat /login as a workspace session path",
					"duration": 0.12132499999995616,
					"failureMessages": [],
					"meta": {},
					"tags": []
				},
				{
					"ancestorTitles": ["proxy security headers"],
					"fullName": "proxy security headers does not treat /demo/workspace as a workspace session path",
					"status": "passed",
					"title": "does not treat /demo/workspace as a workspace session path",
					"duration": 0.08690899999999147,
					"failureMessages": [],
					"meta": {},
					"tags": []
				},
				{
					"ancestorTitles": ["proxy security headers"],
					"fullName": "proxy security headers does not treat /demo/workspace/approvals as a workspace session path",
					"status": "passed",
					"title": "does not treat /demo/workspace/approvals as a workspace session path",
					"duration": 0.07847400000002835,
					"failureMessages": [],
					"meta": {},
					"tags": []
				},
				{
					"ancestorTitles": ["proxy security headers"],
					"fullName": "proxy security headers does not treat /api/workspaces as a workspace session path",
					"status": "passed",
					"title": "does not treat /api/workspaces as a workspace session path",
					"duration": 0.07933400000001711,
					"failureMessages": [],
					"meta": {},
					"tags": []
				}
			],
			"startTime": 1787144304445,
			"endTime": 1787144304489.1213,
			"status": "passed",
			"message": "",
			"name": "/workspace/src/proxy.test.ts"
		},
		{
			"assertionResults": [
				{
					"ancestorTitles": ["Clerk config"],
					"fullName": "Clerk config returns configured Clerk keys",
					"status": "passed",
					"title": "returns configured Clerk keys",
					"duration": 1.2868700000000217,
					"failureMessages": [],
					"meta": {},
					"tags": []
				},
				{
					"ancestorTitles": ["Clerk config"],
					"fullName": "Clerk config throws when the Clerk publishable key is missing",
					"status": "passed",
					"title": "throws when the Clerk publishable key is missing",
					"duration": 0.6774350000000027,
					"failureMessages": [],
					"meta": {},
					"tags": []
				},
				{
					"ancestorTitles": ["Clerk config"],
					"fullName": "Clerk config throws when the Clerk secret key is missing",
					"status": "passed",
					"title": "throws when the Clerk secret key is missing",
					"duration": 0.2703189999999722,
					"failureMessages": [],
					"meta": {},
					"tags": []
				}
			],
			"startTime": 1787144307899,
			"endTime": 1787144307901.2703,
			"status": "passed",
			"message": "",
			"name": "/workspace/src/services/clerk/config.test.ts"
		},
		{
			"assertionResults": [
				{
					"ancestorTitles": ["getClerkAccountDetails"],
					"fullName": "getClerkAccountDetails keeps account actions unavailable until an authenticated user is loaded",
					"status": "passed",
					"title": "keeps account actions unavailable until an authenticated user is loaded",
					"duration": 1.0447190000000433,
					"failureMessages": [],
					"meta": {},
					"tags": []
				},
				{
					"ancestorTitles": ["getClerkAccountDetails"],
					"fullName": "getClerkAccountDetails keeps account actions unavailable until an authenticated user is loaded",
					"status": "passed",
					"title": "keeps account actions unavailable until an authenticated user is loaded",
					"duration": 0.22836399999999912,
					"failureMessages": [],
					"meta": {},
					"tags": []
				}
			],
			"startTime": 1787144308821,
			"endTime": 1787144308822.2283,
			"status": "passed",
			"message": "",
			"name": "/workspace/src/services/clerk/useClerkAccount.test.ts"
		},
		{
			"assertionResults": [
				{
					"ancestorTitles": ["CashLift app environment"],
					"fullName": "CashLift app environment defaults local development to demo mode",
					"status": "passed",
					"title": "defaults local development to demo mode",
					"duration": 1.3385999999999854,
					"failureMessages": [],
					"meta": {},
					"tags": []
				},
				{
					"ancestorTitles": ["CashLift app environment"],
					"fullName": "CashLift app environment defaults CI and production to production mode",
					"status": "passed",
					"title": "defaults CI and production to production mode",
					"duration": 0.2963919999999689,
					"failureMessages": [],
					"meta": {},
					"tags": []
				},
				{
					"ancestorTitles": ["CashLift app environment"],
					"fullName": "CashLift app environment rejects demo mode in production",
					"status": "passed",
					"title": "rejects demo mode in production",
					"duration": 0.655902000000026,
					"failureMessages": [],
					"meta": {},
					"tags": []
				},
				{
					"ancestorTitles": ["CashLift app environment"],
					"fullName": "CashLift app environment requires production auth and Supabase keys",
					"status": "passed",
					"title": "requires production auth and Supabase keys",
					"duration": 0.7505649999999946,
					"failureMessages": [],
					"meta": {},
					"tags": []
				},
				{
					"ancestorTitles": ["CashLift app environment"],
					"fullName": "CashLift app environment accepts configured production workspace environment",
					"status": "passed",
					"title": "accepts configured production workspace environment",
					"duration": 0.29150300000003426,
					"failureMessages": [],
					"meta": {},
					"tags": []
				}
			],
			"startTime": 1787144306774,
			"endTime": 1787144306777.7505,
			"status": "passed",
			"message": "",
			"name": "/workspace/src/services/env/app.test.ts"
		},
		{
			"assertionResults": [
				{
					"ancestorTitles": ["SPEND_REQUEST_SCHEMA"],
					"fullName": "SPEND_REQUEST_SCHEMA validates text lengths with user-visible characters",
					"status": "passed",
					"title": "validates text lengths with user-visible characters",
					"duration": 4.127034999999978,
					"failureMessages": [],
					"meta": {},
					"tags": []
				}
			],
			"startTime": 1787144307537,
			"endTime": 1787144307541.127,
			"status": "passed",
			"message": "",
			"name": "/workspace/src/modules/dashboard/schemas.test.ts"
		},
		{
			"assertionResults": [
				{
					"ancestorTitles": ["dashboard view model"],
					"fullName": "dashboard view model builds owner-finance cash metrics and ranks the action inbox",
					"status": "passed",
					"title": "builds owner-finance cash metrics and ranks the action inbox",
					"duration": 6.391096999999945,
					"failureMessages": [],
					"meta": {},
					"tags": []
				},
				{
					"ancestorTitles": ["dashboard view model"],
					"fullName": "dashboard view model keeps the 14-day buffer risk when the overview range is shorter",
					"status": "passed",
					"title": "keeps the 14-day buffer risk when the overview range is shorter",
					"duration": 0.6548890000001393,
					"failureMessages": [],
					"meta": {},
					"tags": []
				},
				{
					"ancestorTitles": ["dashboard view model"],
					"fullName": "dashboard view model returns stable fallbacks when company activity is empty",
					"status": "passed",
					"title": "returns stable fallbacks when company activity is empty",
					"duration": 0.37641400000006797,
					"failureMessages": [],
					"meta": {},
					"tags": []
				},
				{
					"ancestorTitles": ["dashboard view model"],
					"fullName": "dashboard view model shows employee-visible actions only for employee role",
					"status": "passed",
					"title": "shows employee-visible actions only for employee role",
					"duration": 0.599898999999823,
					"failureMessages": [],
					"meta": {},
					"tags": []
				},
				{
					"ancestorTitles": ["dashboard view model"],
					"fullName": "dashboard view model builds reference demo dashboard fields",
					"status": "passed",
					"title": "builds reference demo dashboard fields",
					"duration": 0.7997959999997875,
					"failureMessages": [],
					"meta": {},
					"tags": []
				}
			],
			"startTime": 1787144306932,
			"endTime": 1787144306940.7998,
			"status": "passed",
			"message": "",
			"name": "/workspace/src/modules/dashboard/view-model.test.ts"
		},
		{
			"assertionResults": [
				{
					"ancestorTitles": ["money formatters"],
					"fullName": "money formatters formats currency from raw cents and handles negative values as magnitude",
					"status": "passed",
					"title": "formats currency from raw cents and handles negative values as magnitude",
					"duration": 1.653835000000015,
					"failureMessages": [],
					"meta": {},
					"tags": []
				},
				{
					"ancestorTitles": ["money formatters"],
					"fullName": "money formatters formats percentages from raw values",
					"status": "passed",
					"title": "formats percentages from raw values",
					"duration": 0.2702550000000201,
					"failureMessages": [],
					"meta": {},
					"tags": []
				}
			],
			"startTime": 1787144307883,
			"endTime": 1787144307885.2703,
			"status": "passed",
			"message": "",
			"name": "/workspace/src/modules/money/format.test.ts"
		},
		{
			"assertionResults": [
				{
					"ancestorTitles": ["getPricingPlanBySlug"],
					"fullName": "getPricingPlanBySlug resolves known slugs and falls back to the default plan",
					"status": "passed",
					"title": "resolves known slugs and falls back to the default plan",
					"duration": 4.153953999999999,
					"failureMessages": [],
					"meta": {},
					"tags": []
				}
			],
			"startTime": 1787144308309,
			"endTime": 1787144308313.154,
			"status": "passed",
			"message": "",
			"name": "/workspace/src/modules/marketing/content.test.ts"
		},
		{
			"assertionResults": [
				{
					"ancestorTitles": ["MARKETING_NAV_GROUPS"],
					"fullName": "MARKETING_NAV_GROUPS keeps Demo in the Product navigation",
					"status": "passed",
					"title": "keeps Demo in the Product navigation",
					"duration": 1.1706819999999993,
					"failureMessages": [],
					"meta": {},
					"tags": []
				}
			],
			"startTime": 1787144308431,
			"endTime": 1787144308432.1707,
			"status": "passed",
			"message": "",
			"name": "/workspace/src/modules/marketing/navigation.test.ts"
		},
		{
			"assertionResults": [
				{
					"ancestorTitles": ["LEAD_CAPTURE_SCHEMA"],
					"fullName": "LEAD_CAPTURE_SCHEMA validates name and company lengths with user-visible characters",
					"status": "passed",
					"title": "validates name and company lengths with user-visible characters",
					"duration": 2.3903950000000123,
					"failureMessages": [],
					"meta": {},
					"tags": []
				}
			],
			"startTime": 1787144307523,
			"endTime": 1787144307525.3904,
			"status": "passed",
			"message": "",
			"name": "/workspace/src/modules/marketing/schemas.test.ts"
		},
		{
			"assertionResults": [
				{
					"ancestorTitles": ["decideSpendRequest"],
					"fullName": "decideSpendRequest encodes the request ID and returns a validated spend request",
					"status": "passed",
					"title": "encodes the request ID and returns a validated spend request",
					"duration": 19.246662000000015,
					"failureMessages": [],
					"meta": {},
					"tags": []
				},
				{
					"ancestorTitles": ["decideSpendRequest"],
					"fullName": "decideSpendRequest rejects an invalid success response with a stable client error",
					"status": "passed",
					"title": "rejects an invalid success response with a stable client error",
					"duration": 4.052285000000097,
					"failureMessages": [],
					"meta": {},
					"tags": []
				}
			],
			"startTime": 1787144305729,
			"endTime": 1787144305753.0522,
			"status": "passed",
			"message": "",
			"name": "/workspace/src/modules/spend-requests/api.test.ts"
		},
		{
			"assertionResults": [
				{
					"ancestorTitles": ["SPEND_REQUEST_DECISION_SCHEMA"],
					"fullName": "SPEND_REQUEST_DECISION_SCHEMA accepts only final decision statuses",
					"status": "passed",
					"title": "accepts only final decision statuses",
					"duration": 1.6818939999999998,
					"failureMessages": [],
					"meta": {},
					"tags": []
				},
				{
					"ancestorTitles": ["SPEND_REQUEST_DECISION_SCHEMA"],
					"fullName": "SPEND_REQUEST_DECISION_SCHEMA accepts only final decision statuses",
					"status": "passed",
					"title": "accepts only final decision statuses",
					"duration": 0.23894899999999097,
					"failureMessages": [],
					"meta": {},
					"tags": []
				},
				{
					"ancestorTitles": ["SPEND_REQUEST_DECISION_SCHEMA"],
					"fullName": "SPEND_REQUEST_DECISION_SCHEMA accepts only final decision statuses",
					"status": "passed",
					"title": "accepts only final decision statuses",
					"duration": 0.4836949999999547,
					"failureMessages": [],
					"meta": {},
					"tags": []
				}
			],
			"startTime": 1787144307309,
			"endTime": 1787144307311.4836,
			"status": "passed",
			"message": "",
			"name": "/workspace/src/modules/spend-requests/schemas.test.ts"
		},
		{
			"assertionResults": [
				{
					"ancestorTitles": ["useWorkspaceDatasetQuery"],
					"fullName": "useWorkspaceDatasetQuery keeps the hydrated range fresh and refetches another range",
					"status": "passed",
					"title": "keeps the hydrated range fresh and refetches another range",
					"duration": 29.711111000000074,
					"failureMessages": [],
					"meta": {},
					"tags": []
				}
			],
			"startTime": 1787144305618,
			"endTime": 1787144305647.7112,
			"status": "passed",
			"message": "",
			"name": "/workspace/src/modules/workspace/query.test.tsx"
		},
		{
			"assertionResults": [
				{
					"ancestorTitles": ["workspace read models"],
					"fullName": "workspace read models filters overview data to the selected date range",
					"status": "passed",
					"title": "filters overview data to the selected date range",
					"duration": 4.330534999999998,
					"failureMessages": [],
					"meta": {},
					"tags": []
				}
			],
			"startTime": 1787144308025,
			"endTime": 1787144308029.3306,
			"status": "passed",
			"message": "",
			"name": "/workspace/src/modules/workspace/read-models.test.ts"
		},
		{
			"assertionResults": [
				{
					"ancestorTitles": ["resolveWorkspaceDataset"],
					"fullName": "resolveWorkspaceDataset returns demo dataset when demo mode is enabled",
					"status": "passed",
					"title": "returns demo dataset when demo mode is enabled",
					"duration": 19.080895999999996,
					"failureMessages": [],
					"meta": {},
					"tags": []
				},
				{
					"ancestorTitles": ["resolveWorkspaceDataset"],
					"fullName": "resolveWorkspaceDataset returns scoped demo data for non-overview pages",
					"status": "passed",
					"title": "returns scoped demo data for non-overview pages",
					"duration": 4.515415999999959,
					"failureMessages": [],
					"meta": {},
					"tags": []
				},
				{
					"ancestorTitles": ["resolveWorkspaceDataset"],
					"fullName": "resolveWorkspaceDataset passes the requested scope to production data loading",
					"status": "passed",
					"title": "passes the requested scope to production data loading",
					"duration": 4.991572000000019,
					"failureMessages": [],
					"meta": {},
					"tags": []
				},
				{
					"ancestorTitles": ["resolveWorkspaceDataset"],
					"fullName": "resolveWorkspaceDataset returns config failures without Sentry capture",
					"status": "passed",
					"title": "returns config failures without Sentry capture",
					"duration": 4.630471,
					"failureMessages": [],
					"meta": {},
					"tags": []
				},
				{
					"ancestorTitles": ["resolveWorkspaceDataset"],
					"fullName": "resolveWorkspaceDataset returns forbidden when membership is missing",
					"status": "passed",
					"title": "returns forbidden when membership is missing",
					"duration": 9.543990000000008,
					"failureMessages": [],
					"meta": {},
					"tags": []
				},
				{
					"ancestorTitles": ["resolveWorkspaceDataset"],
					"fullName": "resolveWorkspaceDataset reports an unavailable data token when Clerk token retrieval fails",
					"status": "passed",
					"title": "reports an unavailable data token when Clerk token retrieval fails",
					"duration": 3.855401000000029,
					"failureMessages": [],
					"meta": {},
					"tags": []
				},
				{
					"ancestorTitles": ["resolveWorkspaceDataset"],
					"fullName": "resolveWorkspaceDataset captures authenticated data failures",
					"status": "passed",
					"title": "captures authenticated data failures",
					"duration": 4.463138999999956,
					"failureMessages": [],
					"meta": {},
					"tags": []
				}
			],
			"startTime": 1787144303842,
			"endTime": 1787144303892.4631,
			"status": "passed",
			"message": "",
			"name": "/workspace/src/modules/workspace/resolveWorkspaceDataset.test.ts"
		},
		{
			"assertionResults": [
				{
					"ancestorTitles": ["workspace schemas"],
					"fullName": "workspace schemas accepts the public financial dataset contract",
					"status": "passed",
					"title": "accepts the public financial dataset contract",
					"duration": 9.305748999999992,
					"failureMessages": [],
					"meta": {},
					"tags": []
				},
				{
					"ancestorTitles": ["workspace schemas"],
					"fullName": "workspace schemas rejects an invalid workspace date range",
					"status": "passed",
					"title": "rejects an invalid workspace date range",
					"duration": 0.8519590000000221,
					"failureMessages": [],
					"meta": {},
					"tags": []
				},
				{
					"ancestorTitles": ["workspace schemas"],
					"fullName": "workspace schemas rejects an invalid workspace date range",
					"status": "passed",
					"title": "rejects an invalid workspace date range",
					"duration": 0.30268200000000434,
					"failureMessages": [],
					"meta": {},
					"tags": []
				},
				{
					"ancestorTitles": ["workspace schemas"],
					"fullName": "workspace schemas rejects invalid nested domain data at the workspace boundary",
					"status": "passed",
					"title": "rejects invalid nested domain data at the workspace boundary",
					"duration": 0.7719250000000102,
					"failureMessages": [],
					"meta": {},
					"tags": []
				}
			],
			"startTime": 1787144306057,
			"endTime": 1787144306067.772,
			"status": "passed",
			"message": "",
			"name": "/workspace/src/modules/workspace/schemas.test.ts"
		},
		{
			"assertionResults": [
				{
					"ancestorTitles": ["loadWorkspaceDataset"],
					"fullName": "loadWorkspaceDataset preserves the request ID for unavailable workspace data",
					"status": "passed",
					"title": "preserves the request ID for unavailable workspace data",
					"duration": 1.3682450000000017,
					"failureMessages": [],
					"meta": {},
					"tags": []
				}
			],
			"startTime": 1787144308654,
			"endTime": 1787144308655.3682,
			"status": "passed",
			"message": "",
			"name": "/workspace/src/modules/workspace/server.test.ts"
		},
		{
			"assertionResults": [
				{
					"ancestorTitles": ["decideSpendRequest"],
					"fullName": "decideSpendRequest returns invalid when decision input fails validation",
					"status": "passed",
					"title": "returns invalid when decision input fails validation",
					"duration": 173.22558199999997,
					"failureMessages": [],
					"meta": {},
					"tags": []
				},
				{
					"ancestorTitles": ["decideSpendRequest"],
					"fullName": "decideSpendRequest returns updated fixture request in demo mode",
					"status": "passed",
					"title": "returns updated fixture request in demo mode",
					"duration": 8.575727999999913,
					"failureMessages": [],
					"meta": {},
					"tags": []
				},
				{
					"ancestorTitles": ["decideSpendRequest"],
					"fullName": "decideSpendRequest returns unauthenticated when no user is signed in",
					"status": "passed",
					"title": "returns unauthenticated when no user is signed in",
					"duration": 11.957486000000017,
					"failureMessages": [],
					"meta": {},
					"tags": []
				},
				{
					"ancestorTitles": ["decideSpendRequest"],
					"fullName": "decideSpendRequest updates the spend request when the member can approve spend",
					"status": "passed",
					"title": "updates the spend request when the member can approve spend",
					"duration": 14.668205000000057,
					"failureMessages": [],
					"meta": {},
					"tags": []
				},
				{
					"ancestorTitles": ["decideSpendRequest"],
					"fullName": "decideSpendRequest returns forbidden when the member is not an approver",
					"status": "passed",
					"title": "returns forbidden when the member is not an approver",
					"duration": 8.636280000000056,
					"failureMessages": [],
					"meta": {},
					"tags": []
				},
				{
					"ancestorTitles": ["decideSpendRequest"],
					"fullName": "decideSpendRequest captures production write failures",
					"status": "passed",
					"title": "captures production write failures",
					"duration": 10.923811,
					"failureMessages": [],
					"meta": {},
					"tags": []
				}
			],
			"startTime": 1787144295089,
			"endTime": 1787144295316.9238,
			"status": "passed",
			"message": "",
			"name": "/workspace/src/modules/workspace/spendRequestDecisions.test.ts"
		},
		{
			"assertionResults": [
				{
					"ancestorTitles": ["company finance calculations"],
					"fullName": "company finance calculations counts pending approvals",
					"status": "passed",
					"title": "counts pending approvals",
					"duration": 1.257618999999977,
					"failureMessages": [],
					"meta": {},
					"tags": []
				},
				{
					"ancestorTitles": ["company finance calculations"],
					"fullName": "company finance calculations identifies vendor leaks and sums leak savings",
					"status": "passed",
					"title": "identifies vendor leaks and sums leak savings",
					"duration": 0.4052090000000135,
					"failureMessages": [],
					"meta": {},
					"tags": []
				},
				{
					"ancestorTitles": ["company finance calculations"],
					"fullName": "company finance calculations sums overdue invoice risk and excludes paid invoices",
					"status": "passed",
					"title": "sums overdue invoice risk and excludes paid invoices",
					"duration": 1.0859219999999823,
					"failureMessages": [],
					"meta": {},
					"tags": []
				},
				{
					"ancestorTitles": ["company finance calculations"],
					"fullName": "company finance calculations checks due dates inside future and overdue windows",
					"status": "passed",
					"title": "checks due dates inside future and overdue windows",
					"duration": 0.39810499999998683,
					"failureMessages": [],
					"meta": {},
					"tags": []
				},
				{
					"ancestorTitles": ["company finance calculations"],
					"fullName": "company finance calculations calculates team budget remaining",
					"status": "passed",
					"title": "calculates team budget remaining",
					"duration": 0.23782299999993484,
					"failureMessages": [],
					"meta": {},
					"tags": []
				},
				{
					"ancestorTitles": ["company finance calculations"],
					"fullName": "company finance calculations preserves over-budget and zero-budget semantics",
					"status": "passed",
					"title": "preserves over-budget and zero-budget semantics",
					"duration": 0.1646499999999378,
					"failureMessages": [],
					"meta": {},
					"tags": []
				},
				{
					"ancestorTitles": ["company finance calculations"],
					"fullName": "company finance calculations calculates spend request cash impact",
					"status": "passed",
					"title": "calculates spend request cash impact",
					"duration": 0.15910600000006525,
					"failureMessages": [],
					"meta": {},
					"tags": []
				},
				{
					"ancestorTitles": ["company finance calculations"],
					"fullName": "company finance calculations keeps cash buffer risk at zero when projected cash stays above target",
					"status": "passed",
					"title": "keeps cash buffer risk at zero when projected cash stays above target",
					"duration": 0.700945000000047,
					"failureMessages": [],
					"meta": {},
					"tags": []
				},
				{
					"ancestorTitles": ["company finance calculations"],
					"fullName": "company finance calculations sorts visible cash actions by priority for finance users",
					"status": "passed",
					"title": "sorts visible cash actions by priority for finance users",
					"duration": 0.5296940000000632,
					"failureMessages": [],
					"meta": {},
					"tags": []
				}
			],
			"startTime": 1787144307150,
			"endTime": 1787144307155.5298,
			"status": "passed",
			"message": "",
			"name": "/workspace/src/modules/workspace/utils.test.ts"
		},
		{
			"assertionResults": [
				{
					"ancestorTitles": ["countCharacters"],
					"fullName": "countCharacters counts '👨\\u200d👩\\u200d👧' as 1 user-visible characters",
					"status": "passed",
					"title": "counts '👨\\u200d👩\\u200d👧' as 1 user-visible characters",
					"duration": 1.2948699999999462,
					"failureMessages": [],
					"meta": {},
					"tags": []
				},
				{
					"ancestorTitles": ["countCharacters"],
					"fullName": "countCharacters counts '🇺🇸' as 1 user-visible characters",
					"status": "passed",
					"title": "counts '🇺🇸' as 1 user-visible characters",
					"duration": 0.243583000000001,
					"failureMessages": [],
					"meta": {},
					"tags": []
				},
				{
					"ancestorTitles": ["countCharacters"],
					"fullName": "countCharacters counts '👍🏾' as 1 user-visible characters",
					"status": "passed",
					"title": "counts '👍🏾' as 1 user-visible characters",
					"duration": 0.15288599999996677,
					"failureMessages": [],
					"meta": {},
					"tags": []
				},
				{
					"ancestorTitles": ["countCharacters"],
					"fullName": "countCharacters counts 'Hello 🌍' as 7 user-visible characters",
					"status": "passed",
					"title": "counts 'Hello 🌍' as 7 user-visible characters",
					"duration": 0.20489499999996497,
					"failureMessages": [],
					"meta": {},
					"tags": []
				},
				{
					"ancestorTitles": ["countCharacters"],
					"fullName": "countCharacters counts 'CashLift' as 8 user-visible characters",
					"status": "passed",
					"title": "counts 'CashLift' as 8 user-visible characters",
					"duration": 0.15610199999997576,
					"failureMessages": [],
					"meta": {},
					"tags": []
				}
			],
			"startTime": 1787144307659,
			"endTime": 1787144307661.156,
			"status": "passed",
			"message": "",
			"name": "/workspace/src/utilities/text/countCharacters.test.ts"
		},
		{
			"assertionResults": [
				{
					"ancestorTitles": ["upsertRecapBlock"],
					"fullName": "upsertRecapBlock appends a recap without changing the existing body",
					"status": "passed",
					"title": "appends a recap without changing the existing body",
					"duration": 1.1016549999999938,
					"failureMessages": [],
					"meta": {},
					"tags": []
				},
				{
					"ancestorTitles": ["upsertRecapBlock"],
					"fullName": "upsertRecapBlock uses the recap as the complete empty body",
					"status": "passed",
					"title": "uses the recap as the complete empty body",
					"duration": 0.25590800000003355,
					"failureMessages": [],
					"meta": {},
					"tags": []
				},
				{
					"ancestorTitles": ["upsertRecapBlock"],
					"fullName": "upsertRecapBlock replaces only the existing recap block",
					"status": "passed",
					"title": "replaces only the existing recap block",
					"duration": 0.24457100000000764,
					"failureMessages": [],
					"meta": {},
					"tags": []
				},
				{
					"ancestorTitles": ["upsertRecapBlock"],
					"fullName": "upsertRecapBlock rejects incomplete and duplicate markers in a PR body",
					"status": "passed",
					"title": "rejects incomplete and duplicate markers in a PR body",
					"duration": 0.8885329999999954,
					"failureMessages": [],
					"meta": {},
					"tags": []
				},
				{
					"ancestorTitles": ["upsertRecapBlock"],
					"fullName": "upsertRecapBlock rejects malformed recap input",
					"status": "passed",
					"title": "rejects malformed recap input",
					"duration": 0.310592999999983,
					"failureMessages": [],
					"meta": {},
					"tags": []
				}
			],
			"startTime": 1787144307093,
			"endTime": 1787144307096.3105,
			"status": "passed",
			"message": "",
			"name": "/workspace/.agents/skills/visual-recap/scripts/upsert-recap-block.test.mjs"
		},
		{
			"assertionResults": [
				{
					"ancestorTitles": ["AuthGlassShell"],
					"fullName": "AuthGlassShell keeps 'New to CashLift? Create account' discoverable without Clerk's footer",
					"status": "passed",
					"title": "keeps 'New to CashLift? Create account' discoverable without Clerk's footer",
					"duration": 116.54131800000005,
					"failureMessages": [],
					"meta": {},
					"tags": []
				},
				{
					"ancestorTitles": ["AuthGlassShell"],
					"fullName": "AuthGlassShell keeps 'Already have an account? Sign in' discoverable without Clerk's footer",
					"status": "passed",
					"title": "keeps 'Already have an account? Sign in' discoverable without Clerk's footer",
					"duration": 20.216993000000002,
					"failureMessages": [],
					"meta": {},
					"tags": []
				}
			],
			"startTime": 1787144299955,
			"endTime": 1787144300092.217,
			"status": "passed",
			"message": "",
			"name": "/workspace/src/app/(auth)/_components/AuthGlassShell.test.tsx"
		},
		{
			"assertionResults": [
				{
					"ancestorTitles": ["ClerkSignInPasswordAutocomplete"],
					"fullName": "ClerkSignInPasswordAutocomplete adds password-manager semantics when Clerk mounts the sign-in password field",
					"status": "passed",
					"title": "adds password-manager semantics when Clerk mounts the sign-in password field",
					"duration": 21.82435899999996,
					"failureMessages": [],
					"meta": {},
					"tags": []
				}
			],
			"startTime": 1787144306093,
			"endTime": 1787144306114.8245,
			"status": "passed",
			"message": "",
			"name": "/workspace/src/app/(auth)/_components/ClerkSignInPasswordAutocomplete.test.tsx"
		},
		{
			"assertionResults": [
				{
					"ancestorTitles": ["ActionInbox"],
					"fullName": "ActionInbox renders ranked actions with destinations for their decision type",
					"status": "passed",
					"title": "renders ranked actions with destinations for their decision type",
					"duration": 151.88313199999993,
					"failureMessages": [],
					"meta": {},
					"tags": []
				},
				{
					"ancestorTitles": ["ActionInbox"],
					"fullName": "ActionInbox renders a complete empty state",
					"status": "passed",
					"title": "renders a complete empty state",
					"duration": 3.7211140000001706,
					"failureMessages": [],
					"meta": {},
					"tags": []
				}
			],
			"startTime": 1787144300237,
			"endTime": 1787144300392.7212,
			"status": "passed",
			"message": "",
			"name": "/workspace/src/modules/dashboard/components/ActionInbox.test.tsx"
		},
		{
			"assertionResults": [
				{
					"ancestorTitles": ["WorkspaceInvoicesSection"],
					"fullName": "WorkspaceInvoicesSection recalculates overdue cash risk when the browser date crosses midnight",
					"status": "passed",
					"title": "recalculates overdue cash risk when the browser date crosses midnight",
					"duration": 48.27497799999992,
					"failureMessages": [],
					"meta": {},
					"tags": []
				}
			],
			"startTime": 1787144305210,
			"endTime": 1787144305258.275,
			"status": "passed",
			"message": "",
			"name": "/workspace/src/modules/page-shell/components/WorkspaceInvoicesSection.test.tsx"
		},
		{
			"assertionResults": [
				{
					"ancestorTitles": ["WorkspacePage"],
					"fullName": "WorkspacePage renders the unauthenticated workspace state",
					"status": "passed",
					"title": "renders the unauthenticated workspace state",
					"duration": 37.02798400000029,
					"failureMessages": [],
					"meta": {},
					"tags": []
				},
				{
					"ancestorTitles": ["WorkspacePage"],
					"fullName": "WorkspacePage renders the forbidden workspace state",
					"status": "passed",
					"title": "renders the forbidden workspace state",
					"duration": 5.797868000000108,
					"failureMessages": [],
					"meta": {},
					"tags": []
				},
				{
					"ancestorTitles": ["WorkspacePage"],
					"fullName": "WorkspacePage renders the unavailable workspace state",
					"status": "passed",
					"title": "renders the unavailable workspace state",
					"duration": 4.692717999999786,
					"failureMessages": [],
					"meta": {},
					"tags": []
				},
				{
					"ancestorTitles": ["WorkspacePage"],
					"fullName": "WorkspacePage renders scoped data as a read-only public-demo experience",
					"status": "passed",
					"title": "renders scoped data as a read-only public-demo experience",
					"duration": 124.97709299999997,
					"failureMessages": [],
					"meta": {},
					"tags": []
				}
			],
			"startTime": 1787144298479,
			"endTime": 1787144298650.977,
			"status": "passed",
			"message": "",
			"name": "/workspace/src/modules/page-shell/components/WorkspacePage.test.tsx"
		},
		{
			"assertionResults": [
				{
					"ancestorTitles": ["useOverviewDateRangeQueryState"],
					"fullName": "useOverviewDateRangeQueryState restores a shared range and appends changes to browser history",
					"status": "passed",
					"title": "restores a shared range and appends changes to browser history",
					"duration": 72.85065299999997,
					"failureMessages": [],
					"meta": {},
					"tags": []
				},
				{
					"ancestorTitles": ["useOverviewDateRangeQueryState"],
					"fullName": "useOverviewDateRangeQueryState keeps the default forecast range out of the URL",
					"status": "passed",
					"title": "keeps the default forecast range out of the URL",
					"duration": 54.74388099999999,
					"failureMessages": [],
					"meta": {},
					"tags": []
				}
			],
			"startTime": 1787144302229,
			"endTime": 1787144302356.744,
			"status": "passed",
			"message": "",
			"name": "/workspace/src/modules/page-shell/hooks/useOverviewDateRangeQueryState.test.tsx"
		},
		{
			"assertionResults": [
				{
					"ancestorTitles": ["ConsultingReferencePage"],
					"fullName": "ConsultingReferencePage keeps every consulting decision and the primary CTA interactive",
					"status": "passed",
					"title": "keeps every consulting decision and the primary CTA interactive",
					"duration": 148.50588299999993,
					"failureMessages": [],
					"meta": {},
					"tags": []
				}
			],
			"startTime": 1787144297372,
			"endTime": 1787144297520.5059,
			"status": "passed",
			"message": "",
			"name": "/workspace/src/modules/marketing/components/ConsultingReferencePage.test.tsx"
		},
		{
			"assertionResults": [
				{
					"ancestorTitles": ["DemoPage"],
					"fullName": "DemoPage explains the walkthrough and keeps both demo paths available",
					"status": "passed",
					"title": "explains the walkthrough and keeps both demo paths available",
					"duration": 164.7374749999999,
					"failureMessages": [],
					"meta": {},
					"tags": []
				}
			],
			"startTime": 1787144301527,
			"endTime": 1787144301691.7375,
			"status": "passed",
			"message": "",
			"name": "/workspace/src/modules/marketing/components/DemoPage.test.tsx"
		},
		{
			"assertionResults": [
				{
					"ancestorTitles": ["HeaderActions"],
					"fullName": "HeaderActions keeps login and the public demo available to signed-out visitors",
					"status": "passed",
					"title": "keeps login and the public demo available to signed-out visitors",
					"duration": 158.01659300000006,
					"failureMessages": [],
					"meta": {},
					"tags": []
				}
			],
			"startTime": 1787144298445,
			"endTime": 1787144298603.0166,
			"status": "passed",
			"message": "",
			"name": "/workspace/src/modules/marketing/components/HeaderActions.test.tsx"
		},
		{
			"assertionResults": [
				{
					"ancestorTitles": ["HomeDecisionStorySection"],
					"fullName": "HomeDecisionStorySection shows ranked cash decisions in priority order",
					"status": "passed",
					"title": "shows ranked cash decisions in priority order",
					"duration": 117.47165300000006,
					"failureMessages": [],
					"meta": {},
					"tags": []
				}
			],
			"startTime": 1787144301231,
			"endTime": 1787144301348.4717,
			"status": "passed",
			"message": "",
			"name": "/workspace/src/modules/marketing/components/HomeDecisionStorySection.test.tsx"
		},
		{
			"assertionResults": [
				{
					"ancestorTitles": ["HomeFaqItem"],
					"fullName": "HomeFaqItem shows the answer when the question is toggled",
					"status": "passed",
					"title": "shows the answer when the question is toggled",
					"duration": 112.55248299999994,
					"failureMessages": [],
					"meta": {},
					"tags": []
				}
			],
			"startTime": 1787144301410,
			"endTime": 1787144301522.5525,
			"status": "passed",
			"message": "",
			"name": "/workspace/src/modules/marketing/components/HomeFaqItem.test.tsx"
		},
		{
			"assertionResults": [
				{
					"ancestorTitles": ["MobileNav"],
					"fullName": "MobileNav shows navigation groups when opened",
					"status": "passed",
					"title": "shows navigation groups when opened",
					"duration": 144.659673,
					"failureMessages": [],
					"meta": {},
					"tags": []
				}
			],
			"startTime": 1787144300372,
			"endTime": 1787144300516.6597,
			"status": "passed",
			"message": "",
			"name": "/workspace/src/modules/marketing/components/MobileNav.test.tsx"
		},
		{
			"assertionResults": [
				{
					"ancestorTitles": ["PricingBillingToggle"],
					"fullName": "PricingBillingToggle updates billing from the selected interval",
					"status": "passed",
					"title": "updates billing from the selected interval",
					"duration": 182.1199120000001,
					"failureMessages": [],
					"meta": {},
					"tags": []
				}
			],
			"startTime": 1787144295940,
			"endTime": 1787144296122.1199,
			"status": "passed",
			"message": "",
			"name": "/workspace/src/modules/marketing/components/PricingBillingToggle.test.tsx"
		},
		{
			"assertionResults": [
				{
					"ancestorTitles": ["ApprovalQueue"],
					"fullName": "ApprovalQueue shows request context without mutation controls in read-only mode",
					"status": "passed",
					"title": "shows request context without mutation controls in read-only mode",
					"duration": 28.832906999999977,
					"failureMessages": [],
					"meta": {},
					"tags": []
				},
				{
					"ancestorTitles": ["ApprovalQueue"],
					"fullName": "ApprovalQueue submits an approved request decision and locks every control while pending",
					"status": "passed",
					"title": "submits an approved request decision and locks every control while pending",
					"duration": 162.38348300000007,
					"failureMessages": [],
					"meta": {},
					"tags": []
				},
				{
					"ancestorTitles": ["ApprovalQueue"],
					"fullName": "ApprovalQueue rolls back the optimistic request when the mutation fails",
					"status": "passed",
					"title": "rolls back the optimistic request when the mutation fails",
					"duration": 50.787687000000005,
					"failureMessages": [],
					"meta": {},
					"tags": []
				}
			],
			"startTime": 1787144296242,
			"endTime": 1787144296483.7876,
			"status": "passed",
			"message": "",
			"name": "/workspace/src/modules/spend-requests/components/ApprovalQueue.test.tsx"
		},
		{
			"assertionResults": [
				{
					"ancestorTitles": ["LeakList"],
					"fullName": "LeakList shows only subscriptions that qualify as leaks",
					"status": "passed",
					"title": "shows only subscriptions that qualify as leaks",
					"duration": 27.512673999999947,
					"failureMessages": [],
					"meta": {},
					"tags": []
				},
				{
					"ancestorTitles": ["LeakList"],
					"fullName": "LeakList explains when there are no leak candidates",
					"status": "passed",
					"title": "explains when there are no leak candidates",
					"duration": 2.487596999999937,
					"failureMessages": [],
					"meta": {},
					"tags": []
				}
			],
			"startTime": 1787144304682,
			"endTime": 1787144304711.4875,
			"status": "passed",
			"message": "",
			"name": "/workspace/src/modules/subscriptions/components/LeakList.test.tsx"
		},
		{
			"assertionResults": [
				{
					"ancestorTitles": ["supabaseFinanceRepository"],
					"fullName": "supabaseFinanceRepository updates a spend request only inside the authenticated company",
					"status": "passed",
					"title": "updates a spend request only inside the authenticated company",
					"duration": 72.94817699999999,
					"failureMessages": [],
					"meta": {},
					"tags": []
				},
				{
					"ancestorTitles": ["supabaseFinanceRepository"],
					"fullName": "supabaseFinanceRepository maps Supabase update failures to AppError",
					"status": "passed",
					"title": "maps Supabase update failures to AppError",
					"duration": 3.8463050000000294,
					"failureMessages": [],
					"meta": {},
					"tags": []
				},
				{
					"ancestorTitles": ["supabaseFinanceRepository"],
					"fullName": "supabaseFinanceRepository returns a scope-limited dataset through its public read interface",
					"status": "passed",
					"title": "returns a scope-limited dataset through its public read interface",
					"duration": 4.304168000000004,
					"failureMessages": [],
					"meta": {},
					"tags": []
				}
			],
			"startTime": 1787144303299,
			"endTime": 1787144303380.3042,
			"status": "passed",
			"message": "",
			"name": "/workspace/src/modules/workspace/repositories/supabase.test.ts"
		},
		{
			"assertionResults": [
				{
					"ancestorTitles": ["Button"],
					"fullName": "Button does not call the press handler when disabled",
					"status": "passed",
					"title": "does not call the press handler when disabled",
					"duration": 148.80991300000005,
					"failureMessages": [],
					"meta": {},
					"tags": []
				}
			],
			"startTime": 1787144302722,
			"endTime": 1787144302870.8098,
			"status": "passed",
			"message": "",
			"name": "/workspace/src/ui/components/actions/Button.test.tsx"
		},
		{
			"assertionResults": [
				{
					"ancestorTitles": ["ProgressBar"],
					"fullName": "ProgressBar renders the accessible progress value",
					"status": "passed",
					"title": "renders the accessible progress value",
					"duration": 95.45249100000001,
					"failureMessages": [],
					"meta": {},
					"tags": []
				},
				{
					"ancestorTitles": ["ProgressBar"],
					"fullName": "ProgressBar clamps progress values to the supported range",
					"status": "passed",
					"title": "clamps progress values to the supported range",
					"duration": 7.292594999999892,
					"failureMessages": [],
					"meta": {},
					"tags": []
				}
			],
			"startTime": 1787144302845,
			"endTime": 1787144302948.2925,
			"status": "passed",
			"message": "",
			"name": "/workspace/src/ui/components/feedback/ProgressBar.test.tsx"
		},
		{
			"assertionResults": [
				{
					"ancestorTitles": ["Panel"],
					"fullName": "Panel uses the requested semantic element",
					"status": "passed",
					"title": "uses the requested semantic element",
					"duration": 84.45223300000009,
					"failureMessages": [],
					"meta": {},
					"tags": []
				}
			],
			"startTime": 1787144303663,
			"endTime": 1787144303747.4521,
			"status": "passed",
			"message": "",
			"name": "/workspace/src/ui/components/layout/Panel.test.tsx"
		},
		{
			"assertionResults": [
				{
					"ancestorTitles": ["PanelHeader"],
					"fullName": "PanelHeader renders the title, label, and action",
					"status": "passed",
					"title": "renders the title, label, and action",
					"duration": 105.36352099999999,
					"failureMessages": [],
					"meta": {},
					"tags": []
				}
			],
			"startTime": 1787144303548,
			"endTime": 1787144303653.3635,
			"status": "passed",
			"message": "",
			"name": "/workspace/src/ui/components/layout/PanelHeader.test.tsx"
		},
		{
			"assertionResults": [
				{
					"ancestorTitles": ["ControlledTextField"],
					"fullName": "ControlledTextField formats, parses, and submits the controlled value",
					"status": "passed",
					"title": "formats, parses, and submits the controlled value",
					"duration": 153.01745299999993,
					"failureMessages": [],
					"meta": {},
					"tags": []
				}
			],
			"startTime": 1787144299348,
			"endTime": 1787144299501.0173,
			"status": "passed",
			"message": "",
			"name": "/workspace/src/ui/components/forms/ControlledTextField.test.tsx"
		},
		{
			"assertionResults": [
				{
					"ancestorTitles": ["EmailAutocompleteField"],
					"fullName": "EmailAutocompleteField manages suggestions from typing and keyboard selection",
					"status": "passed",
					"title": "manages suggestions from typing and keyboard selection",
					"duration": 176.9102210000001,
					"failureMessages": [],
					"meta": {},
					"tags": []
				}
			],
			"startTime": 1787144297925,
			"endTime": 1787144298101.9102,
			"status": "passed",
			"message": "",
			"name": "/workspace/src/ui/components/forms/EmailAutocompleteField.test.tsx"
		},
		{
			"assertionResults": [
				{
					"ancestorTitles": ["TextField"],
					"fullName": "TextField labels the input and reports value changes",
					"status": "passed",
					"title": "labels the input and reports value changes",
					"duration": 143.12830299999996,
					"failureMessages": [],
					"meta": {},
					"tags": []
				},
				{
					"ancestorTitles": ["TextField"],
					"fullName": "TextField shows validation errors",
					"status": "passed",
					"title": "shows validation errors",
					"duration": 11.216260999999804,
					"failureMessages": [],
					"meta": {},
					"tags": []
				}
			],
			"startTime": 1787144296539,
			"endTime": 1787144296694.2163,
			"status": "passed",
			"message": "",
			"name": "/workspace/src/ui/components/forms/TextField.test.tsx"
		},
		{
			"assertionResults": [
				{
					"ancestorTitles": ["GET /api/workspace/dataset"],
					"fullName": "GET /api/workspace/dataset returns 503 with mapped error body",
					"status": "passed",
					"title": "returns 503 with mapped error body",
					"duration": 82.827135,
					"failureMessages": [],
					"meta": {},
					"tags": []
				},
				{
					"ancestorTitles": ["GET /api/workspace/dataset"],
					"fullName": "GET /api/workspace/dataset returns 503 with mapped error body",
					"status": "passed",
					"title": "returns 503 with mapped error body",
					"duration": 3.824308999999971,
					"failureMessages": [],
					"meta": {},
					"tags": []
				},
				{
					"ancestorTitles": ["GET /api/workspace/dataset"],
					"fullName": "GET /api/workspace/dataset returns 401 with mapped error body",
					"status": "passed",
					"title": "returns 401 with mapped error body",
					"duration": 3.6365710000000036,
					"failureMessages": [],
					"meta": {},
					"tags": []
				},
				{
					"ancestorTitles": ["GET /api/workspace/dataset"],
					"fullName": "GET /api/workspace/dataset returns 403 with mapped error body",
					"status": "passed",
					"title": "returns 403 with mapped error body",
					"duration": 3.2408509999999637,
					"failureMessages": [],
					"meta": {},
					"tags": []
				},
				{
					"ancestorTitles": ["GET /api/workspace/dataset"],
					"fullName": "GET /api/workspace/dataset returns 500 with mapped error body",
					"status": "passed",
					"title": "returns 500 with mapped error body",
					"duration": 3.694297000000006,
					"failureMessages": [],
					"meta": {},
					"tags": []
				},
				{
					"ancestorTitles": ["GET /api/workspace/dataset"],
					"fullName": "GET /api/workspace/dataset returns 500 with mapped error body",
					"status": "passed",
					"title": "returns 500 with mapped error body",
					"duration": 7.875586999999996,
					"failureMessages": [],
					"meta": {},
					"tags": []
				},
				{
					"ancestorTitles": ["GET /api/workspace/dataset"],
					"fullName": "GET /api/workspace/dataset returns 200 with dataset on success",
					"status": "passed",
					"title": "returns 200 with dataset on success",
					"duration": 3.285063999999977,
					"failureMessages": [],
					"meta": {},
					"tags": []
				},
				{
					"ancestorTitles": ["GET /api/workspace/dataset"],
					"fullName": "GET /api/workspace/dataset passes requested scope to the workspace resolver",
					"status": "passed",
					"title": "passes requested scope to the workspace resolver",
					"duration": 2.8830259999999726,
					"failureMessages": [],
					"meta": {},
					"tags": []
				},
				{
					"ancestorTitles": ["GET /api/workspace/dataset"],
					"fullName": "GET /api/workspace/dataset passes requested date range to the workspace resolver",
					"status": "passed",
					"title": "passes requested date range to the workspace resolver",
					"duration": 5.083313999999973,
					"failureMessages": [],
					"meta": {},
					"tags": []
				},
				{
					"ancestorTitles": ["GET /api/workspace/dataset"],
					"fullName": "GET /api/workspace/dataset returns 400 when scope is invalid",
					"status": "passed",
					"title": "returns 400 when scope is invalid",
					"duration": 3.795991000000015,
					"failureMessages": [],
					"meta": {},
					"tags": []
				},
				{
					"ancestorTitles": ["GET /api/workspace/dataset"],
					"fullName": "GET /api/workspace/dataset returns 400 when date range is invalid",
					"status": "passed",
					"title": "returns 400 when date range is invalid",
					"duration": 4.953113999999971,
					"failureMessages": [],
					"meta": {},
					"tags": []
				}
			],
			"startTime": 1787144299026,
			"endTime": 1787144299151.9531,
			"status": "passed",
			"message": "",
			"name": "/workspace/src/app/api/workspace/dataset/route.test.ts"
		},
		{
			"assertionResults": [
				{
					"ancestorTitles": ["PATCH /api/workspace/spend-requests/[id]"],
					"fullName": "PATCH /api/workspace/spend-requests/[id] returns updated spend request on success",
					"status": "passed",
					"title": "returns updated spend request on success",
					"duration": 26.074563000000012,
					"failureMessages": [],
					"meta": {},
					"tags": []
				},
				{
					"ancestorTitles": ["PATCH /api/workspace/spend-requests/[id]"],
					"fullName": "PATCH /api/workspace/spend-requests/[id] returns 400 when decision fails",
					"status": "passed",
					"title": "returns 400 when decision fails",
					"duration": 1.4939829999999574,
					"failureMessages": [],
					"meta": {},
					"tags": []
				},
				{
					"ancestorTitles": ["PATCH /api/workspace/spend-requests/[id]"],
					"fullName": "PATCH /api/workspace/spend-requests/[id] returns 401 when decision fails",
					"status": "passed",
					"title": "returns 401 when decision fails",
					"duration": 1.370824999999968,
					"failureMessages": [],
					"meta": {},
					"tags": []
				},
				{
					"ancestorTitles": ["PATCH /api/workspace/spend-requests/[id]"],
					"fullName": "PATCH /api/workspace/spend-requests/[id] returns 403 when decision fails",
					"status": "passed",
					"title": "returns 403 when decision fails",
					"duration": 1.1197310000000016,
					"failureMessages": [],
					"meta": {},
					"tags": []
				},
				{
					"ancestorTitles": ["PATCH /api/workspace/spend-requests/[id]"],
					"fullName": "PATCH /api/workspace/spend-requests/[id] returns 404 when decision fails",
					"status": "passed",
					"title": "returns 404 when decision fails",
					"duration": 1.373205999999982,
					"failureMessages": [],
					"meta": {},
					"tags": []
				}
			],
			"startTime": 1787144304820,
			"endTime": 1787144304852.3733,
			"status": "passed",
			"message": "",
			"name": "/workspace/src/app/api/workspace/spend-requests/[id]/route.test.ts"
		}
	]
}
